<?xml version="1.0" encoding="UTF-8"?>
<testsuite xmlns:xsi="http://www.w3.org/2001/XMLSchema-instance" xsi:noNamespaceSchemaLocation="https://maven.apache.org/surefire/maven-surefire-plugin/xsd/surefire-test-report.xsd" name="pl.jstk.repository.BookRepositoryTest" time="5.689" tests="2" errors="0" skipped="0" failures="0">
  <properties>
    <property name="sun.desktop" value="windows"/>
    <property name="awt.toolkit" value="sun.awt.windows.WToolkit"/>
    <property name="file.encoding.pkg" value="sun.io"/>
    <property name="java.specification.version" value="1.8"/>
    <property name="sun.cpu.isalist" value="amd64"/>
    <property name="sun.jnu.encoding" value="Cp1252"/>
    <property name="java.class.path" value="C:\Users\jmitulsk\IdeaProjects\BookStore\persistence\target\test-classes;C:\Users\jmitulsk\IdeaProjects\BookStore\persistence\target\classes;C:\Users\jmitulsk\IdeaProjects\BookStore\domain\target\domain-0.0.1-SNAPSHOT.jar;C:\Users\jmitulsk\IdeaProjects\BookStore\${env.BASE_DIR}\maven\repo\com\h2database\h2\1.4.196\h2-1.4.196.jar;C:\Users\jmitulsk\IdeaProjects\BookStore\${env.BASE_DIR}\maven\repo\org\springframework\boot\spring-boot-starter-data-jpa\2.0.3.RELEASE\spring-boot-starter-data-jpa-2.0.3.RELEASE.jar;C:\Users\jmitulsk\IdeaProjects\BookStore\${env.BASE_DIR}\maven\repo\org\springframework\boot\spring-boot-starter-aop\2.0.3.RELEASE\spring-boot-starter-aop-2.0.3.RELEASE.jar;C:\Users\jmitulsk\IdeaProjects\BookStore\${env.BASE_DIR}\maven\repo\org\springframework\spring-aop\5.0.7.RELEASE\spring-aop-5.0.7.RELEASE.jar;C:\Users\jmitulsk\IdeaProjects\BookStore\${env.BASE_DIR}\maven\repo\org\aspectj\aspectjweaver\1.8.13\aspectjweaver-1.8.13.jar;C:\Users\jmitulsk\IdeaProjects\BookStore\${env.BASE_DIR}\maven\repo\org\springframework\boot\spring-boot-starter-jdbc\2.0.3.RELEASE\spring-boot-starter-jdbc-2.0.3.RELEASE.jar;C:\Users\jmitulsk\IdeaProjects\BookStore\${env.BASE_DIR}\maven\repo\com\zaxxer\HikariCP\2.7.9\HikariCP-2.7.9.jar;C:\Users\jmitulsk\IdeaProjects\BookStore\${env.BASE_DIR}\maven\repo\org\springframework\spring-jdbc\5.0.7.RELEASE\spring-jdbc-5.0.7.RELEASE.jar;C:\Users\jmitulsk\IdeaProjects\BookStore\${env.BASE_DIR}\maven\repo\org\hibernate\hibernate-core\5.2.17.Final\hibernate-core-5.2.17.Final.jar;C:\Users\jmitulsk\IdeaProjects\BookStore\${env.BASE_DIR}\maven\repo\org\jboss\logging\jboss-logging\3.3.2.Final\jboss-logging-3.3.2.Final.jar;C:\Users\jmitulsk\IdeaProjects\BookStore\${env.BASE_DIR}\maven\repo\org\hibernate\javax\persistence\hibernate-jpa-2.1-api\1.0.2.Final\hibernate-jpa-2.1-api-1.0.2.Final.jar;C:\Users\jmitulsk\IdeaProjects\BookStore\${env.BASE_DIR}\maven\repo\org\javassist\javassist\3.22.0-GA\javassist-3.22.0-GA.jar;C:\Users\jmitulsk\IdeaProjects\BookStore\${env.BASE_DIR}\maven\repo\antlr\antlr\2.7.7\antlr-2.7.7.jar;C:\Users\jmitulsk\IdeaProjects\BookStore\${env.BASE_DIR}\maven\repo\org\jboss\jandex\2.0.3.Final\jandex-2.0.3.Final.jar;C:\Users\jmitulsk\IdeaProjects\BookStore\${env.BASE_DIR}\maven\repo\com\fasterxml\classmate\1.3.4\classmate-1.3.4.jar;C:\Users\jmitulsk\IdeaProjects\BookStore\${env.BASE_DIR}\maven\repo\dom4j\dom4j\1.6.1\dom4j-1.6.1.jar;C:\Users\jmitulsk\IdeaProjects\BookStore\${env.BASE_DIR}\maven\repo\org\hibernate\common\hibernate-commons-annotations\5.0.1.Final\hibernate-commons-annotations-5.0.1.Final.jar;C:\Users\jmitulsk\IdeaProjects\BookStore\${env.BASE_DIR}\maven\repo\javax\transaction\javax.transaction-api\1.2\javax.transaction-api-1.2.jar;C:\Users\jmitulsk\IdeaProjects\BookStore\${env.BASE_DIR}\maven\repo\org\springframework\data\spring-data-jpa\2.0.8.RELEASE\spring-data-jpa-2.0.8.RELEASE.jar;C:\Users\jmitulsk\IdeaProjects\BookStore\${env.BASE_DIR}\maven\repo\org\springframework\data\spring-data-commons\2.0.8.RELEASE\spring-data-commons-2.0.8.RELEASE.jar;C:\Users\jmitulsk\IdeaProjects\BookStore\${env.BASE_DIR}\maven\repo\org\springframework\spring-orm\5.0.7.RELEASE\spring-orm-5.0.7.RELEASE.jar;C:\Users\jmitulsk\IdeaProjects\BookStore\${env.BASE_DIR}\maven\repo\org\springframework\spring-context\5.0.7.RELEASE\spring-context-5.0.7.RELEASE.jar;C:\Users\jmitulsk\IdeaProjects\BookStore\${env.BASE_DIR}\maven\repo\org\springframework\spring-expression\5.0.7.RELEASE\spring-expression-5.0.7.RELEASE.jar;C:\Users\jmitulsk\IdeaProjects\BookStore\${env.BASE_DIR}\maven\repo\org\springframework\spring-tx\5.0.7.RELEASE\spring-tx-5.0.7.RELEASE.jar;C:\Users\jmitulsk\IdeaProjects\BookStore\${env.BASE_DIR}\maven\repo\org\springframework\spring-beans\5.0.7.RELEASE\spring-beans-5.0.7.RELEASE.jar;C:\Users\jmitulsk\IdeaProjects\BookStore\${env.BASE_DIR}\maven\repo\org\springframework\spring-aspects\5.0.7.RELEASE\spring-aspects-5.0.7.RELEASE.jar;C:\Users\jmitulsk\IdeaProjects\BookStore\${env.BASE_DIR}\maven\repo\org\jetbrains\annotations\16.0.2\annotations-16.0.2.jar;C:\Users\jmitulsk\IdeaProjects\BookStore\${env.BASE_DIR}\maven\repo\javax\validation\validation-api\2.0.1.Final\validation-api-2.0.1.Final.jar;C:\Users\jmitulsk\IdeaProjects\BookStore\${env.BASE_DIR}\maven\repo\org\springframework\boot\spring-boot-starter-test\2.0.3.RELEASE\spring-boot-starter-test-2.0.3.RELEASE.jar;C:\Users\jmitulsk\IdeaProjects\BookStore\${env.BASE_DIR}\maven\repo\org\springframework\boot\spring-boot-starter\2.0.3.RELEASE\spring-boot-starter-2.0.3.RELEASE.jar;C:\Users\jmitulsk\IdeaProjects\BookStore\${env.BASE_DIR}\maven\repo\org\springframework\boot\spring-boot\2.0.3.RELEASE\spring-boot-2.0.3.RELEASE.jar;C:\Users\jmitulsk\IdeaProjects\BookStore\${env.BASE_DIR}\maven\repo\org\springframework\boot\spring-boot-autoconfigure\2.0.3.RELEASE\spring-boot-autoconfigure-2.0.3.RELEASE.jar;C:\Users\jmitulsk\IdeaProjects\BookStore\${env.BASE_DIR}\maven\repo\org\springframework\boot\spring-boot-starter-logging\2.0.3.RELEASE\spring-boot-starter-logging-2.0.3.RELEASE.jar;C:\Users\jmitulsk\IdeaProjects\BookStore\${env.BASE_DIR}\maven\repo\ch\qos\logback\logback-classic\1.2.3\logback-classic-1.2.3.jar;C:\Users\jmitulsk\IdeaProjects\BookStore\${env.BASE_DIR}\maven\repo\ch\qos\logback\logback-core\1.2.3\logback-core-1.2.3.jar;C:\Users\jmitulsk\IdeaProjects\BookStore\${env.BASE_DIR}\maven\repo\org\apache\logging\log4j\log4j-to-slf4j\2.10.0\log4j-to-slf4j-2.10.0.jar;C:\Users\jmitulsk\IdeaProjects\BookStore\${env.BASE_DIR}\maven\repo\org\apache\logging\log4j\log4j-api\2.10.0\log4j-api-2.10.0.jar;C:\Users\jmitulsk\IdeaProjects\BookStore\${env.BASE_DIR}\maven\repo\org\slf4j\jul-to-slf4j\1.7.25\jul-to-slf4j-1.7.25.jar;C:\Users\jmitulsk\IdeaProjects\BookStore\${env.BASE_DIR}\maven\repo\javax\annotation\javax.annotation-api\1.3.2\javax.annotation-api-1.3.2.jar;C:\Users\jmitulsk\IdeaProjects\BookStore\${env.BASE_DIR}\maven\repo\org\yaml\snakeyaml\1.19\snakeyaml-1.19.jar;C:\Users\jmitulsk\IdeaProjects\BookStore\${env.BASE_DIR}\maven\repo\org\springframework\boot\spring-boot-test\2.0.3.RELEASE\spring-boot-test-2.0.3.RELEASE.jar;C:\Users\jmitulsk\IdeaProjects\BookStore\${env.BASE_DIR}\maven\repo\org\springframework\boot\spring-boot-test-autoconfigure\2.0.3.RELEASE\spring-boot-test-autoconfigure-2.0.3.RELEASE.jar;C:\Users\jmitulsk\IdeaProjects\BookStore\${env.BASE_DIR}\maven\repo\com\jayway\jsonpath\json-path\2.4.0\json-path-2.4.0.jar;C:\Users\jmitulsk\IdeaProjects\BookStore\${env.BASE_DIR}\maven\repo\net\minidev\json-smart\2.3\json-smart-2.3.jar;C:\Users\jmitulsk\IdeaProjects\BookStore\${env.BASE_DIR}\maven\repo\net\minidev\accessors-smart\1.2\accessors-smart-1.2.jar;C:\Users\jmitulsk\IdeaProjects\BookStore\${env.BASE_DIR}\maven\repo\org\ow2\asm\asm\5.0.4\asm-5.0.4.jar;C:\Users\jmitulsk\IdeaProjects\BookStore\${env.BASE_DIR}\maven\repo\org\slf4j\slf4j-api\1.7.25\slf4j-api-1.7.25.jar;C:\Users\jmitulsk\IdeaProjects\BookStore\${env.BASE_DIR}\maven\repo\junit\junit\4.12\junit-4.12.jar;C:\Users\jmitulsk\IdeaProjects\BookStore\${env.BASE_DIR}\maven\repo\org\assertj\assertj-core\3.9.1\assertj-core-3.9.1.jar;C:\Users\jmitulsk\IdeaProjects\BookStore\${env.BASE_DIR}\maven\repo\org\mockito\mockito-core\2.15.0\mockito-core-2.15.0.jar;C:\Users\jmitulsk\IdeaProjects\BookStore\${env.BASE_DIR}\maven\repo\net\bytebuddy\byte-buddy\1.7.11\byte-buddy-1.7.11.jar;C:\Users\jmitulsk\IdeaProjects\BookStore\${env.BASE_DIR}\maven\repo\net\bytebuddy\byte-buddy-agent\1.7.11\byte-buddy-agent-1.7.11.jar;C:\Users\jmitulsk\IdeaProjects\BookStore\${env.BASE_DIR}\maven\repo\org\objenesis\objenesis\2.6\objenesis-2.6.jar;C:\Users\jmitulsk\IdeaProjects\BookStore\${env.BASE_DIR}\maven\repo\org\hamcrest\hamcrest-core\1.3\hamcrest-core-1.3.jar;C:\Users\jmitulsk\IdeaProjects\BookStore\${env.BASE_DIR}\maven\repo\org\hamcrest\hamcrest-library\1.3\hamcrest-library-1.3.jar;C:\Users\jmitulsk\IdeaProjects\BookStore\${env.BASE_DIR}\maven\repo\org\skyscreamer\jsonassert\1.5.0\jsonassert-1.5.0.jar;C:\Users\jmitulsk\IdeaProjects\BookStore\${env.BASE_DIR}\maven\repo\com\vaadin\external\google\android-json\0.0.20131108.vaadin1\android-json-0.0.20131108.vaadin1.jar;C:\Users\jmitulsk\IdeaProjects\BookStore\${env.BASE_DIR}\maven\repo\org\springframework\spring-core\5.0.7.RELEASE\spring-core-5.0.7.RELEASE.jar;C:\Users\jmitulsk\IdeaProjects\BookStore\${env.BASE_DIR}\maven\repo\org\springframework\spring-jcl\5.0.7.RELEASE\spring-jcl-5.0.7.RELEASE.jar;C:\Users\jmitulsk\IdeaProjects\BookStore\${env.BASE_DIR}\maven\repo\org\springframework\spring-test\5.0.7.RELEASE\spring-test-5.0.7.RELEASE.jar;C:\Users\jmitulsk\IdeaProjects\BookStore\${env.BASE_DIR}\maven\repo\org\xmlunit\xmlunit-core\2.5.1\xmlunit-core-2.5.1.jar;"/>
    <property name="java.vm.vendor" value="Oracle Corporation"/>
    <property name="sun.arch.data.model" value="64"/>
    <property name="user.variant" value=""/>
    <property name="java.vendor.url" value="http://java.oracle.com/"/>
    <property name="user.timezone" value=""/>
    <property name="user.country.format" value="PL"/>
    <property name="java.vm.specification.version" value="1.8"/>
    <property name="os.name" value="Windows 7"/>
    <property name="user.country" value="US"/>
    <property name="sun.java.launcher" value="SUN_STANDARD"/>
    <property name="sun.boot.library.path" value="C:\Program Files\Java\jdk1.8.0_171\jre\bin"/>
    <property name="sun.java.command" value="C:\Users\jmitulsk\AppData\Local\Temp\surefire4610764263217226522\surefirebooter899650248608012748.jar C:\Users\jmitulsk\AppData\Local\Temp\surefire4610764263217226522 2018-07-31T15-47-39_918-jvmRun1 surefire6970551491052543035tmp surefire_05465369661609679249tmp"/>
    <property name="surefire.test.class.path" value="C:\Users\jmitulsk\IdeaProjects\BookStore\persistence\target\test-classes;C:\Users\jmitulsk\IdeaProjects\BookStore\persistence\target\classes;C:\Users\jmitulsk\IdeaProjects\BookStore\domain\target\domain-0.0.1-SNAPSHOT.jar;C:\Users\jmitulsk\IdeaProjects\BookStore\${env.BASE_DIR}\maven\repo\com\h2database\h2\1.4.196\h2-1.4.196.jar;C:\Users\jmitulsk\IdeaProjects\BookStore\${env.BASE_DIR}\maven\repo\org\springframework\boot\spring-boot-starter-data-jpa\2.0.3.RELEASE\spring-boot-starter-data-jpa-2.0.3.RELEASE.jar;C:\Users\jmitulsk\IdeaProjects\BookStore\${env.BASE_DIR}\maven\repo\org\springframework\boot\spring-boot-starter-aop\2.0.3.RELEASE\spring-boot-starter-aop-2.0.3.RELEASE.jar;C:\Users\jmitulsk\IdeaProjects\BookStore\${env.BASE_DIR}\maven\repo\org\springframework\spring-aop\5.0.7.RELEASE\spring-aop-5.0.7.RELEASE.jar;C:\Users\jmitulsk\IdeaProjects\BookStore\${env.BASE_DIR}\maven\repo\org\aspectj\aspectjweaver\1.8.13\aspectjweaver-1.8.13.jar;C:\Users\jmitulsk\IdeaProjects\BookStore\${env.BASE_DIR}\maven\repo\org\springframework\boot\spring-boot-starter-jdbc\2.0.3.RELEASE\spring-boot-starter-jdbc-2.0.3.RELEASE.jar;C:\Users\jmitulsk\IdeaProjects\BookStore\${env.BASE_DIR}\maven\repo\com\zaxxer\HikariCP\2.7.9\HikariCP-2.7.9.jar;C:\Users\jmitulsk\IdeaProjects\BookStore\${env.BASE_DIR}\maven\repo\org\springframework\spring-jdbc\5.0.7.RELEASE\spring-jdbc-5.0.7.RELEASE.jar;C:\Users\jmitulsk\IdeaProjects\BookStore\${env.BASE_DIR}\maven\repo\org\hibernate\hibernate-core\5.2.17.Final\hibernate-core-5.2.17.Final.jar;C:\Users\jmitulsk\IdeaProjects\BookStore\${env.BASE_DIR}\maven\repo\org\jboss\logging\jboss-logging\3.3.2.Final\jboss-logging-3.3.2.Final.jar;C:\Users\jmitulsk\IdeaProjects\BookStore\${env.BASE_DIR}\maven\repo\org\hibernate\javax\persistence\hibernate-jpa-2.1-api\1.0.2.Final\hibernate-jpa-2.1-api-1.0.2.Final.jar;C:\Users\jmitulsk\IdeaProjects\BookStore\${env.BASE_DIR}\maven\repo\org\javassist\javassist\3.22.0-GA\javassist-3.22.0-GA.jar;C:\Users\jmitulsk\IdeaProjects\BookStore\${env.BASE_DIR}\maven\repo\antlr\antlr\2.7.7\antlr-2.7.7.jar;C:\Users\jmitulsk\IdeaProjects\BookStore\${env.BASE_DIR}\maven\repo\org\jboss\jandex\2.0.3.Final\jandex-2.0.3.Final.jar;C:\Users\jmitulsk\IdeaProjects\BookStore\${env.BASE_DIR}\maven\repo\com\fasterxml\classmate\1.3.4\classmate-1.3.4.jar;C:\Users\jmitulsk\IdeaProjects\BookStore\${env.BASE_DIR}\maven\repo\dom4j\dom4j\1.6.1\dom4j-1.6.1.jar;C:\Users\jmitulsk\IdeaProjects\BookStore\${env.BASE_DIR}\maven\repo\org\hibernate\common\hibernate-commons-annotations\5.0.1.Final\hibernate-commons-annotations-5.0.1.Final.jar;C:\Users\jmitulsk\IdeaProjects\BookStore\${env.BASE_DIR}\maven\repo\javax\transaction\javax.transaction-api\1.2\javax.transaction-api-1.2.jar;C:\Users\jmitulsk\IdeaProjects\BookStore\${env.BASE_DIR}\maven\repo\org\springframework\data\spring-data-jpa\2.0.8.RELEASE\spring-data-jpa-2.0.8.RELEASE.jar;C:\Users\jmitulsk\IdeaProjects\BookStore\${env.BASE_DIR}\maven\repo\org\springframework\data\spring-data-commons\2.0.8.RELEASE\spring-data-commons-2.0.8.RELEASE.jar;C:\Users\jmitulsk\IdeaProjects\BookStore\${env.BASE_DIR}\maven\repo\org\springframework\spring-orm\5.0.7.RELEASE\spring-orm-5.0.7.RELEASE.jar;C:\Users\jmitulsk\IdeaProjects\BookStore\${env.BASE_DIR}\maven\repo\org\springframework\spring-context\5.0.7.RELEASE\spring-context-5.0.7.RELEASE.jar;C:\Users\jmitulsk\IdeaProjects\BookStore\${env.BASE_DIR}\maven\repo\org\springframework\spring-expression\5.0.7.RELEASE\spring-expression-5.0.7.RELEASE.jar;C:\Users\jmitulsk\IdeaProjects\BookStore\${env.BASE_DIR}\maven\repo\org\springframework\spring-tx\5.0.7.RELEASE\spring-tx-5.0.7.RELEASE.jar;C:\Users\jmitulsk\IdeaProjects\BookStore\${env.BASE_DIR}\maven\repo\org\springframework\spring-beans\5.0.7.RELEASE\spring-beans-5.0.7.RELEASE.jar;C:\Users\jmitulsk\IdeaProjects\BookStore\${env.BASE_DIR}\maven\repo\org\springframework\spring-aspects\5.0.7.RELEASE\spring-aspects-5.0.7.RELEASE.jar;C:\Users\jmitulsk\IdeaProjects\BookStore\${env.BASE_DIR}\maven\repo\org\jetbrains\annotations\16.0.2\annotations-16.0.2.jar;C:\Users\jmitulsk\IdeaProjects\BookStore\${env.BASE_DIR}\maven\repo\javax\validation\validation-api\2.0.1.Final\validation-api-2.0.1.Final.jar;C:\Users\jmitulsk\IdeaProjects\BookStore\${env.BASE_DIR}\maven\repo\org\springframework\boot\spring-boot-starter-test\2.0.3.RELEASE\spring-boot-starter-test-2.0.3.RELEASE.jar;C:\Users\jmitulsk\IdeaProjects\BookStore\${env.BASE_DIR}\maven\repo\org\springframework\boot\spring-boot-starter\2.0.3.RELEASE\spring-boot-starter-2.0.3.RELEASE.jar;C:\Users\jmitulsk\IdeaProjects\BookStore\${env.BASE_DIR}\maven\repo\org\springframework\boot\spring-boot\2.0.3.RELEASE\spring-boot-2.0.3.RELEASE.jar;C:\Users\jmitulsk\IdeaProjects\BookStore\${env.BASE_DIR}\maven\repo\org\springframework\boot\spring-boot-autoconfigure\2.0.3.RELEASE\spring-boot-autoconfigure-2.0.3.RELEASE.jar;C:\Users\jmitulsk\IdeaProjects\BookStore\${env.BASE_DIR}\maven\repo\org\springframework\boot\spring-boot-starter-logging\2.0.3.RELEASE\spring-boot-starter-logging-2.0.3.RELEASE.jar;C:\Users\jmitulsk\IdeaProjects\BookStore\${env.BASE_DIR}\maven\repo\ch\qos\logback\logback-classic\1.2.3\logback-classic-1.2.3.jar;C:\Users\jmitulsk\IdeaProjects\BookStore\${env.BASE_DIR}\maven\repo\ch\qos\logback\logback-core\1.2.3\logback-core-1.2.3.jar;C:\Users\jmitulsk\IdeaProjects\BookStore\${env.BASE_DIR}\maven\repo\org\apache\logging\log4j\log4j-to-slf4j\2.10.0\log4j-to-slf4j-2.10.0.jar;C:\Users\jmitulsk\IdeaProjects\BookStore\${env.BASE_DIR}\maven\repo\org\apache\logging\log4j\log4j-api\2.10.0\log4j-api-2.10.0.jar;C:\Users\jmitulsk\IdeaProjects\BookStore\${env.BASE_DIR}\maven\repo\org\slf4j\jul-to-slf4j\1.7.25\jul-to-slf4j-1.7.25.jar;C:\Users\jmitulsk\IdeaProjects\BookStore\${env.BASE_DIR}\maven\repo\javax\annotation\javax.annotation-api\1.3.2\javax.annotation-api-1.3.2.jar;C:\Users\jmitulsk\IdeaProjects\BookStore\${env.BASE_DIR}\maven\repo\org\yaml\snakeyaml\1.19\snakeyaml-1.19.jar;C:\Users\jmitulsk\IdeaProjects\BookStore\${env.BASE_DIR}\maven\repo\org\springframework\boot\spring-boot-test\2.0.3.RELEASE\spring-boot-test-2.0.3.RELEASE.jar;C:\Users\jmitulsk\IdeaProjects\BookStore\${env.BASE_DIR}\maven\repo\org\springframework\boot\spring-boot-test-autoconfigure\2.0.3.RELEASE\spring-boot-test-autoconfigure-2.0.3.RELEASE.jar;C:\Users\jmitulsk\IdeaProjects\BookStore\${env.BASE_DIR}\maven\repo\com\jayway\jsonpath\json-path\2.4.0\json-path-2.4.0.jar;C:\Users\jmitulsk\IdeaProjects\BookStore\${env.BASE_DIR}\maven\repo\net\minidev\json-smart\2.3\json-smart-2.3.jar;C:\Users\jmitulsk\IdeaProjects\BookStore\${env.BASE_DIR}\maven\repo\net\minidev\accessors-smart\1.2\accessors-smart-1.2.jar;C:\Users\jmitulsk\IdeaProjects\BookStore\${env.BASE_DIR}\maven\repo\org\ow2\asm\asm\5.0.4\asm-5.0.4.jar;C:\Users\jmitulsk\IdeaProjects\BookStore\${env.BASE_DIR}\maven\repo\org\slf4j\slf4j-api\1.7.25\slf4j-api-1.7.25.jar;C:\Users\jmitulsk\IdeaProjects\BookStore\${env.BASE_DIR}\maven\repo\junit\junit\4.12\junit-4.12.jar;C:\Users\jmitulsk\IdeaProjects\BookStore\${env.BASE_DIR}\maven\repo\org\assertj\assertj-core\3.9.1\assertj-core-3.9.1.jar;C:\Users\jmitulsk\IdeaProjects\BookStore\${env.BASE_DIR}\maven\repo\org\mockito\mockito-core\2.15.0\mockito-core-2.15.0.jar;C:\Users\jmitulsk\IdeaProjects\BookStore\${env.BASE_DIR}\maven\repo\net\bytebuddy\byte-buddy\1.7.11\byte-buddy-1.7.11.jar;C:\Users\jmitulsk\IdeaProjects\BookStore\${env.BASE_DIR}\maven\repo\net\bytebuddy\byte-buddy-agent\1.7.11\byte-buddy-agent-1.7.11.jar;C:\Users\jmitulsk\IdeaProjects\BookStore\${env.BASE_DIR}\maven\repo\org\objenesis\objenesis\2.6\objenesis-2.6.jar;C:\Users\jmitulsk\IdeaProjects\BookStore\${env.BASE_DIR}\maven\repo\org\hamcrest\hamcrest-core\1.3\hamcrest-core-1.3.jar;C:\Users\jmitulsk\IdeaProjects\BookStore\${env.BASE_DIR}\maven\repo\org\hamcrest\hamcrest-library\1.3\hamcrest-library-1.3.jar;C:\Users\jmitulsk\IdeaProjects\BookStore\${env.BASE_DIR}\maven\repo\org\skyscreamer\jsonassert\1.5.0\jsonassert-1.5.0.jar;C:\Users\jmitulsk\IdeaProjects\BookStore\${env.BASE_DIR}\maven\repo\com\vaadin\external\google\android-json\0.0.20131108.vaadin1\android-json-0.0.20131108.vaadin1.jar;C:\Users\jmitulsk\IdeaProjects\BookStore\${env.BASE_DIR}\maven\repo\org\springframework\spring-core\5.0.7.RELEASE\spring-core-5.0.7.RELEASE.jar;C:\Users\jmitulsk\IdeaProjects\BookStore\${env.BASE_DIR}\maven\repo\org\springframework\spring-jcl\5.0.7.RELEASE\spring-jcl-5.0.7.RELEASE.jar;C:\Users\jmitulsk\IdeaProjects\BookStore\${env.BASE_DIR}\maven\repo\org\springframework\spring-test\5.0.7.RELEASE\spring-test-5.0.7.RELEASE.jar;C:\Users\jmitulsk\IdeaProjects\BookStore\${env.BASE_DIR}\maven\repo\org\xmlunit\xmlunit-core\2.5.1\xmlunit-core-2.5.1.jar;"/>
    <property name="sun.cpu.endian" value="little"/>
    <property name="user.home" value="C:\Users\jmitulsk"/>
    <property name="user.language" value="en"/>
    <property name="java.specification.vendor" value="Oracle Corporation"/>
    <property name="java.home" value="C:\Program Files\Java\jdk1.8.0_171\jre"/>
    <property name="basedir" value="C:\Users\jmitulsk\IdeaProjects\BookStore\persistence"/>
    <property name="file.separator" value="\"/>
    <property name="line.separator" value="&#10;"/>
    <property name="java.vm.specification.vendor" value="Oracle Corporation"/>
    <property name="java.specification.name" value="Java Platform API Specification"/>
    <property name="java.awt.graphicsenv" value="sun.awt.Win32GraphicsEnvironment"/>
    <property name="surefire.real.class.path" value="C:\Users\jmitulsk\AppData\Local\Temp\surefire4610764263217226522\surefirebooter899650248608012748.jar"/>
    <property name="sun.boot.class.path" value="C:\Program Files\Java\jdk1.8.0_171\jre\lib\resources.jar;C:\Program Files\Java\jdk1.8.0_171\jre\lib\rt.jar;C:\Program Files\Java\jdk1.8.0_171\jre\lib\sunrsasign.jar;C:\Program Files\Java\jdk1.8.0_171\jre\lib\jsse.jar;C:\Program Files\Java\jdk1.8.0_171\jre\lib\jce.jar;C:\Program Files\Java\jdk1.8.0_171\jre\lib\charsets.jar;C:\Program Files\Java\jdk1.8.0_171\jre\lib\jfr.jar;C:\Program Files\Java\jdk1.8.0_171\jre\classes"/>
    <property name="user.script" value=""/>
    <property name="sun.management.compiler" value="HotSpot 64-Bit Tiered Compilers"/>
    <property name="java.runtime.version" value="1.8.0_171-b11"/>
    <property name="user.name" value="JMITULSK"/>
    <property name="path.separator" value=";"/>
    <property name="os.version" value="6.1"/>
    <property name="java.endorsed.dirs" value="C:\Program Files\Java\jdk1.8.0_171\jre\lib\endorsed"/>
    <property name="java.runtime.name" value="Java(TM) SE Runtime Environment"/>
    <property name="file.encoding" value="Cp1252"/>
    <property name="java.vm.name" value="Java HotSpot(TM) 64-Bit Server VM"/>
    <property name="localRepository" value="C:\Users\jmitulsk\IdeaProjects\BookStore\${env.BASE_DIR}\maven\repo"/>
    <property name="java.vendor.url.bug" value="http://bugreport.sun.com/bugreport/"/>
    <property name="java.io.tmpdir" value="C:\Users\jmitulsk\AppData\Local\Temp\"/>
    <property name="idea.version" value="2018.2"/>
    <property name="java.version" value="1.8.0_171"/>
    <property name="user.dir" value="C:\Users\jmitulsk\IdeaProjects\BookStore\persistence"/>
    <property name="os.arch" value="amd64"/>
    <property name="java.vm.specification.name" value="Java Virtual Machine Specification"/>
    <property name="java.awt.printerjob" value="sun.awt.windows.WPrinterJob"/>
    <property name="user.language.format" value="pl"/>
    <property name="sun.os.patch.level" value="Service Pack 1"/>
    <property name="java.library.path" value="C:\Program Files\Java\jdk1.8.0_171\jre\bin;C:\WINDOWS\Sun\Java\bin;C:\WINDOWS\system32;C:\WINDOWS;C:\Program Files (x86)\Common Files\Oracle\Java\javapath;C:\WINDOWS\system32;C:\WINDOWS;C:\WINDOWS\System32\Wbem;C:\WINDOWS\System32\WindowsPowerShell\v1.0\;C:\Program Files\Git\cmd;C:\Program Files (x86)\IDM Computer Solutions\UltraEdit;."/>
    <property name="java.vm.info" value="mixed mode"/>
    <property name="java.vendor" value="Oracle Corporation"/>
    <property name="java.vm.version" value="25.171-b11"/>
    <property name="java.ext.dirs" value="C:\Program Files\Java\jdk1.8.0_171\jre\lib\ext;C:\WINDOWS\Sun\Java\lib\ext"/>
    <property name="sun.io.unicode.encoding" value="UnicodeLittle"/>
    <property name="java.class.version" value="52.0"/>
  </properties>
  <testcase name="testShouldFindBookById" classname="pl.jstk.repository.BookRepositoryTest" time="0.25"/>
  <testcase name="testShouldFindBooksByTitle" classname="pl.jstk.repository.BookRepositoryTest" time="0.031"/>
</testsuite>